1 2 3 4 5 | 12
1 2 3 5 4 | 11
1 2 4 3 5 | 12
1 2 4 5 3 | 13
1 2 5 3 4 | 14
1 2 5 4 3 | 15
1 3 2 4 5 | 12
1 3 2 5 4 | 14
1 3 4 2 5 | 14
1 3 4 5 2 | 15
1 3 5 2 4 | 18
1 3 5 4 2 | 17
1 4 2 3 5 | 14
1 4 2 5 3 | 13
1 4 3 2 5 | 12
1 4 3 5 2 | 11
1 4 5 2 3 | 17
1 4 5 3 2 | 19
1 5 2 3 4 | 13
1 5 2 4 3 | 12
1 5 3 2 4 | 11
1 5 3 4 2 | 12
1 5 4 2 3 | 14
1 5 4 3 2 | 12
2 1 3 4 5 | 11
2 1 3 5 4 | 10
2 1 4 3 5 | 14
2 1 4 5 3 | 15
2 1 5 3 4 | 17
2 1 5 4 3 | 15
2 3 1 4 5 | 15
2 3 1 5 4 | 17
2 3 4 1 5 | 13
2 3 4 5 1 | 14
2 3 5 1 4 | 17
2 3 5 4 1 | 16
2 4 1 3 5 | 17
2 4 1 5 3 | 16
2 4 3 1 5 | 11
2 4 3 5 1 | 10
2 4 5 1 3 | 19
2 4 5 3 1 | 18
2 5 1 3 4 | 16
2 5 1 4 3 | 15
2 5 3 1 4 | 10
2 5 3 4 1 | 11
2 5 4 1 3 | 13
2 5 4 3 1 | 14
3 1 2 4 5 | 13
3 1 2 5 4 | 15
3 1 4 2 5 | 13
3 1 4 5 2 | 14
3 1 5 2 4 | 16
3 1 5 4 2 | 17
3 2 1 4 5 | 15
3 2 1 5 4 | 14
3 2 4 1 5 | 12
3 2 4 5 1 | 13
3 2 5 1 4 | 14
3 2 5 4 1 | 15
3 4 1 2 5 | 15
3 4 1 5 2 | 14
3 4 2 1 5 | 14
3 4 2 5 1 | 13
3 4 5 1 2 | 18
3 4 5 2 1 | 17
3 5 1 2 4 | 14
3 5 1 4 2 | 15
3 5 2 1 4 | 13
3 5 2 4 1 | 12
3 5 4 1 2 | 12
3 5 4 2 1 | 13
4 1 2 3 5 | 15
4 1 2 5 3 | 14
4 1 3 2 5 | 11
4 1 3 5 2 | 10
4 1 5 2 3 | 15
4 1 5 3 2 | 16
4 2 1 3 5 | 17
4 2 1 5 3 | 18
4 2 3 1 5 | 12
4 2 3 5 1 | 11
4 2 5 1 3 | 15
4 2 5 3 1 | 14
4 3 1 2 5 | 16
4 3 1 5 2 | 17
4 3 2 1 5 | 12
4 3 2 5 1 | 14
4 3 5 1 2 | 17
4 3 5 2 1 | 16
4 5 1 2 3 | 16
4 5 1 3 2 | 17
4 5 2 1 3 | 12
4 5 2 3 1 | 13
4 5 3 1 2 | 10
4 5 3 2 1 | 11
5 1 2 3 4 | 14
5 1 2 4 3 | 13
5 1 3 2 4 | 10
5 1 3 4 2 | 11
5 1 4 2 3 | 13
5 1 4 3 2 | 14
5 2 1 3 4 | 19
5 2 1 4 3 | 17
5 2 3 1 4 | 11
5 2 3 4 1 | 12
5 2 4 1 3 | 12
5 2 4 3 1 | 12
5 3 1 2 4 | 18
5 3 1 4 2 | 19
5 3 2 1 4 | 14
5 3 2 4 1 | 12
5 3 4 1 2 | 13
5 3 4 2 1 | 14
5 4 1 2 3 | 17
5 4 1 3 2 | 18
5 4 2 1 3 | 13
5 4 2 3 1 | 14
5 4 3 1 2 | 11
5 4 3 2 1 | 12
10 | 2 1 3 5 4  | 3 -> 
10 | 2 4 3 5 1  | 3 -> 
10 | 2 5 3 1 4  | 3 -> 
10 | 4 1 3 5 2  | 3 -> 
10 | 4 5 3 1 2  | 3 -> 
10 | 5 1 3 2 4  | 3 -> 
11 | 1 4 3 5 2  | 3 -> 
11 | 1 5 3 2 4  | 3 -> 
11 | 2 5 3 4 1  | 3 -> 
11 | 4 1 3 2 5  | 3 -> 
11 | 2 1 3 4 5  | 3 -> 
11 | 4 2 3 5 1  | 3 -> 
11 | 1 2 3 5 4  | 3 -> 
11 | 4 5 3 2 1  | 3 -> 
11 | 2 4 3 1 5  | 3 -> 
11 | 5 1 3 4 2  | 3 -> 
11 | 5 2 3 1 4  | 3 -> 
11 | 5 4 3 1 2  | 3 -> 
12 | 3 5 4 1 2  | 4 -> 
12 | 1 5 4 3 2  | 4 -> 
12 | 1 3 2 4 5  | 2 -> 
12 | 4 2 3 1 5  | 3 -> 
12 | 1 4 3 2 5  | 3 -> 
12 | 4 3 2 1 5  | 2 -> 
12 | 4 5 2 1 3  | 2 -> 
12 | 1 2 3 4 5  | 3 -> 
12 | 1 5 2 4 3  | 2 -> 
12 | 1 2 4 3 5  | 4 -> 
12 | 1 5 3 4 2  | 3 -> 
12 | 3 2 4 1 5  | 4 -> 
12 | 5 2 3 4 1  | 3 -> 
12 | 5 2 4 1 3  | 4 -> 
12 | 5 2 4 3 1  | 4 -> 
12 | 5 3 2 4 1  | 2 -> 
12 | 3 5 2 4 1  | 2 -> 
12 | 5 4 3 2 1  | 3 -> 
13 | 4 5 2 3 1  | 2 -> 
13 | 3 4 2 5 1  | 2 -> 
13 | 3 5 2 1 4  | 2 -> 
13 | 5 1 2 4 3  | 2 -> 
13 | 1 4 2 5 3  | 2 -> 
13 | 1 5 2 3 4  | 2 -> 
13 | 5 1 4 2 3  | 4 -> 
13 | 3 5 4 2 1  | 4 -> 
13 | 2 3 4 1 5  | 4 -> 
13 | 2 5 4 1 3  | 4 -> 
13 | 3 1 2 4 5  | 2 -> 
13 | 3 1 4 2 5  | 4 -> 
13 | 5 3 4 1 2  | 4 -> 
13 | 5 4 2 1 3  | 2 -> 
13 | 1 2 4 5 3  | 4 -> 
13 | 3 2 4 5 1  | 4 -> 
14 | 3 2 5 1 4  | 5 -> 
14 | 3 4 1 5 2  | 1 -> 
14 | 3 4 2 1 5  | 2 -> 
14 | 1 2 5 3 4  | 5 -> 
14 | 5 1 2 3 4  | 2 -> 
14 | 3 5 1 2 4  | 1 -> 
14 | 1 3 2 5 4  | 2 -> 
14 | 2 1 4 3 5  | 4 -> 
14 | 2 5 4 3 1  | 4 -> 
14 | 5 1 4 3 2  | 4 -> 
14 | 1 3 4 2 5  | 4 -> 
14 | 4 1 2 5 3  | 2 -> 
14 | 2 3 4 5 1  | 4 -> 
14 | 3 1 4 5 2  | 4 -> 
14 | 5 3 2 1 4  | 2 -> 
14 | 3 2 1 5 4  | 1 -> 
14 | 1 5 4 2 3  | 4 -> 
14 | 5 3 4 2 1  | 4 -> 
14 | 4 2 5 3 1  | 5 -> 
14 | 5 4 2 3 1  | 2 -> 
14 | 1 4 2 3 5  | 2 -> 
14 | 4 3 2 5 1  | 2 -> 
15 | 2 5 1 4 3  | 1 -> 
15 | 2 3 1 4 5  | 1 -> 
15 | 4 2 5 1 3  | 5 -> 
15 | 3 2 1 4 5  | 1 -> 
15 | 3 5 1 4 2  | 1 -> 
15 | 1 3 4 5 2  | 4 -> 
15 | 1 2 5 4 3  | 5 -> 
15 | 2 1 4 5 3  | 4 -> 
15 | 2 1 5 4 3  | 5 -> 
15 | 4 1 2 3 5  | 2 -> 
15 | 3 2 5 4 1  | 5 -> 
15 | 3 4 1 2 5  | 1 -> 
15 | 3 1 2 5 4  | 2 -> 
15 | 4 1 5 2 3  | 5 -> 
16 | 4 3 5 2 1  | 5 -> 
16 | 4 5 1 2 3  | 1 -> 
16 | 2 5 1 3 4  | 1 -> 
16 | 3 1 5 2 4  | 5 -> 
16 | 2 3 5 4 1  | 5 -> 
16 | 4 3 1 2 5  | 1 -> 
16 | 4 1 5 3 2  | 5 -> 
16 | 2 4 1 5 3  | 1 -> 
17 | 5 2 1 4 3  | 1 -> 
17 | 4 2 1 3 5  | 1 -> 
17 | 4 5 1 3 2  | 1 -> 
17 | 1 3 5 4 2  | 5 -> 
17 | 2 3 5 1 4  | 5 -> 
17 | 1 4 5 2 3  | 5 -> 
17 | 3 4 5 2 1  | 5 -> 
17 | 2 4 1 3 5  | 1 -> 
17 | 4 3 1 5 2  | 1 -> 
17 | 5 4 1 2 3  | 1 -> 
17 | 2 3 1 5 4  | 1 -> 
17 | 2 1 5 3 4  | 5 -> 
17 | 4 3 5 1 2  | 5 -> 
17 | 3 1 5 4 2  | 5 -> 
18 | 5 3 1 2 4  | 1 -> 
18 | 5 4 1 3 2  | 1 -> 
18 | 4 2 1 5 3  | 1 -> 
18 | 3 4 5 1 2  | 5 -> 
18 | 1 3 5 2 4  | 5 -> 
18 | 2 4 5 3 1  | 5 -> 
19 | 5 2 1 3 4  | 1 -> 
19 | 5 3 1 4 2  | 1 -> 
19 | 2 4 5 1 3  | 5 -> 
19 | 1 4 5 3 2  | 5 -> 
